OPTIONS /api/auth/user 204 0 - 0.640 ms anonymous - -
OPTIONS /api/auth/user 204 0 - 0.085 ms anonymous - -
OPTIONS /api/auth/user 204 0 - 0.135 ms anonymous - -
GET /api/auth/user - - - - ms anonymous - -
OPTIONS /api/auth/register 204 0 - 0.541 ms anonymous - -
POST /api/auth/register 201 385 - 78.654 ms anonymous - -
OPTIONS /api/auth/login 204 0 - 0.475 ms anonymous - -
POST /api/auth/login 200 207 - 86.907 ms anonymous - -
OPTIONS /api/auth/user 204 0 - 0.038 ms anonymous - -
GET /api/auth/user 200 198 - 7.188 ms sam - -
GET /api/auth/user 304 - - 4.592 ms sam - -
OPTIONS /api/messages/general 204 0 - 0.040 ms anonymous - -
GET /api/messages/general 200 55 - 4.243 ms sam - -
OPTIONS /api/auth/register 204 0 - 0.273 ms anonymous - -
POST /api/auth/register 201 387 - 83.721 ms anonymous - -
OPTIONS /api/auth/login 204 0 - 0.149 ms anonymous - -
POST /api/auth/login 200 207 - 81.447 ms anonymous - -
OPTIONS /api/auth/user 204 0 - 0.045 ms anonymous - -
OPTIONS /api/auth/user 204 0 - 0.031 ms anonymous - -
GET /api/auth/user 200 200 - 5.470 ms glen - -
OPTIONS /api/messages/general 204 0 - 0.037 ms anonymous - -
GET /api/auth/user 304 - - 3.745 ms glen - -
GET /api/messages/general 304 - - 3.219 ms glen - -
OPTIONS /api/messages/random 204 0 - 0.047 ms anonymous - -
GET /api/messages/random 200 55 - 8.294 ms sam - -
GET /api/messages/random 304 - - 4.402 ms sam - -
OPTIONS /api/messages/random 204 0 - 0.229 ms anonymous - -
GET /api/messages/random 200 287 - 12.180 ms glen - -
GET /api/messages/random 304 - - 5.480 ms glen - -
OPTIONS /api/messages/general 204 0 - 0.171 ms anonymous - -
GET /api/messages/general 200 526 - 15.089 ms sam - -
GET /api/messages/general 304 - - 5.427 ms sam - -
GET /api/messages/general 200 761 - 15.061 ms glen - -
GET /api/messages/general 304 - - 5.133 ms glen - -
OPTIONS /api/messages/random 204 0 - 0.159 ms anonymous - -
GET /api/messages/random 200 522 - 5.501 ms sam - -
GET /api/messages/random 304 - - 3.794 ms sam - -
OPTIONS /api/auth/login 204 0 - 0.577 ms anonymous - -
POST /api/auth/login 200 207 - 84.252 ms anonymous - -
OPTIONS /api/auth/user 204 0 - 0.465 ms anonymous - -
OPTIONS /api/auth/user 204 0 - 0.029 ms anonymous - -
GET /api/auth/user 200 198 - 4.666 ms sam - -
OPTIONS /api/messages/general 204 0 - 0.030 ms anonymous - -
GET /api/auth/user 304 - - 4.626 ms sam - -
GET /api/messages/general 200 998 - 4.462 ms sam - -
OPTIONS /api/messages/random 204 0 - 0.073 ms anonymous - -
GET /api/messages/random 304 - - 14.076 ms sam - -
GET /api/messages/random 304 - - 8.041 ms sam - -
OPTIONS /api/messages/general 204 0 - 0.113 ms anonymous - -
GET /api/messages/general 200 1233 - 8.093 ms sam - -
GET /api/messages/general 304 - - 5.925 ms sam - -
GET /api/messages/random 304 - - 12.632 ms sam - -
GET /api/messages/random 304 - - 7.912 ms sam - -
GET /api/messages/general 304 - - 18.185 ms sam - -
GET /api/messages/general 304 - - 11.376 ms sam - -
OPTIONS /api/auth/login 204 0 - 0.825 ms anonymous - -
POST /api/auth/login 200 207 - 91.398 ms anonymous - -
OPTIONS /api/auth/user 204 0 - 0.042 ms anonymous - -
OPTIONS /api/auth/user 204 0 - 0.038 ms anonymous - -
GET /api/auth/user 304 - - 5.086 ms sam - -
OPTIONS /api/messages/general 204 0 - 0.107 ms anonymous - -
GET /api/auth/user 304 - - 7.393 ms sam - -
GET /api/messages/general 304 - - 9.135 ms sam - -
OPTIONS /api/auth/login 204 0 - 0.168 ms anonymous - -
POST /api/auth/login 200 207 - 83.527 ms anonymous - -
OPTIONS /api/auth/user 204 0 - 0.044 ms anonymous - -
OPTIONS /api/auth/user 204 0 - 0.056 ms anonymous - -
GET /api/auth/user 200 200 - 5.259 ms glen - -
OPTIONS /api/messages/general 204 0 - 0.040 ms anonymous - -
GET /api/auth/user 304 - - 4.703 ms glen - -
GET /api/messages/general 304 - - 4.840 ms glen - -
OPTIONS /api/auth/login 204 0 - 1.802 ms anonymous - -
POST /api/auth/login 200 207 - 88.697 ms anonymous - -
OPTIONS /api/auth/user 204 0 - 0.058 ms anonymous - -
GET /api/auth/user 200 198 - 10.273 ms sam - -
OPTIONS /api/messages/general 204 0 - 0.043 ms anonymous - -
GET /api/auth/user 304 - - 3.841 ms sam - -
GET /api/messages/general 304 - - 8.720 ms sam - -
OPTIONS /api/auth/login 204 0 - 0.311 ms anonymous - -
POST /api/auth/login 200 207 - 85.133 ms anonymous - -
OPTIONS /api/auth/user 204 0 - 0.064 ms anonymous - -
GET /api/auth/user 200 200 - 4.255 ms glen - -
GET /api/auth/user 304 - - 3.292 ms glen - -
OPTIONS /api/messages/general 204 0 - 0.056 ms anonymous - -
GET /api/messages/general 304 - - 6.057 ms glen - -
OPTIONS /api/auth/login 204 0 - 0.365 ms anonymous - -
POST /api/auth/login 200 207 - 86.228 ms anonymous - -
OPTIONS /api/auth/user 204 0 - 0.067 ms anonymous - -
OPTIONS /api/auth/user 204 0 - 0.035 ms anonymous - -
GET /api/auth/user 200 198 - 5.281 ms sam - -
OPTIONS /api/messages/general 204 0 - 0.086 ms anonymous - -
GET /api/auth/user 304 - - 7.441 ms sam - -
GET /api/messages/general 200 996 - 4.996 ms sam - -
